<?xml version="1.0" encoding="utf-8"?><testsuites name="pytest tests"><testsuite name="pytest" errors="0" failures="0" skipped="0" tests="5" time="1.433" timestamp="2026-07-24T20:28:44.057126+00:00" hostname="agent-env-8b8d97aa-8044-4e99-98ce-f40f12325d7c"><testcase classname="tests.test_demo_request" name="test_root" time="0.216" /><testcase classname="tests.test_demo_request" name="test_create_demo_request_persists" time="0.187" /><testcase classname="tests.test_demo_request" name="test_create_demo_request_minimal" time="0.168" /><testcase classname="tests.test_demo_request" name="test_create_demo_request_missing_fields" time="0.118" /><testcase classname="tests.test_demo_request" name="test_list_demo_requests_shape" time="0.162" /></testsuite></testsuites>